<?xml version="1.0" encoding="UTF-8"?>
<!-- Generated by org.testng.reporters.JUnitReportReporter -->
<testsuite hostname="DHIRAJ" failures="0" tests="1" name="TestNG.SoftAssert" time="6.073" errors="0" timestamp="2024-09-18T20:53:13 IST" skipped="0">
  <testcase classname="TestNG.SoftAssert" name="Sassert" time="6.073"/>
  <system-out/>
</testsuite> <!-- TestNG.SoftAssert -->
