<?xml version="1.0" encoding="UTF-8"?>
<!-- Generated by org.testng.reporters.JUnitReportReporter -->
<testsuite hostname="DHIRAJ" failures="0" tests="2" name="TestNG.Example1" time="0.009" errors="0" timestamp="2024-09-16T12:21:45 IST" skipped="0">
  <testcase classname="TestNG.Example1" name="Testcase" time="0.008"/>
  <system-out>
    <![CDATA[Mahindra]]>
  </system-out>
  <testcase classname="TestNG.Example1" name="Testcase1" time="0.001"/>
  <system-out>
    <![CDATA[Tata]]>
  </system-out>
</testsuite> <!-- TestNG.Example1 -->
