<?xml version="1.0" encoding="UTF-8"?>
<!-- Generated by org.testng.reporters.JUnitReportReporter -->
<testsuite hostname="DHIRAJ" failures="0" tests="3" name="TestNG.enabled" time="0.009" errors="0" timestamp="2024-09-16T12:29:51 IST" skipped="1">
  <testcase classname="TestNG.enabled" name="Signup" time="0.008"/>
  <system-out/>
  <testcase classname="TestNG.enabled" name="frndreq" time="0.001"/>
  <system-out/>
  <testcase classname="TestNG.enabled" name="login">
    <skipped/>
  </testcase> <!-- login -->
  <system-out/>
</testsuite> <!-- TestNG.enabled -->
