<?xml version="1.0" encoding="UTF-8"?>
<!-- Generated by org.testng.reporters.JUnitReportReporter -->
<testsuite hostname="DHIRAJ" failures="0" tests="3" name="TestNG.Priority" time="0.005" errors="0" timestamp="2024-09-16T12:21:45 IST" skipped="0">
  <testcase classname="TestNG.Priority" name="signup" time="0.002"/>
  <system-out/>
  <testcase classname="TestNG.Priority" name="login" time="0.001"/>
  <system-out/>
  <testcase classname="TestNG.Priority" name="yellowboxtesting" time="0.002"/>
  <system-out/>
</testsuite> <!-- TestNG.Priority -->
