<?xml version="1.0" encoding="UTF-8"?>
<!-- Generated by org.testng.reporters.JUnitReportReporter -->
<testsuite hostname="DHIRAJ" failures="0" tests="1" name="TestNG.AssertNotEqu" time="4.768" errors="0" timestamp="2024-09-18T12:39:01 IST" skipped="0">
  <testcase classname="TestNG.AssertNotEqu" name="AssertNot" time="4.768"/>
  <system-out/>
</testsuite> <!-- TestNG.AssertNotEqu -->
