<?xml version="1.0" encoding="UTF-8"?>
<!-- Generated by org.testng.reporters.JUnitReportReporter -->
<testsuite hostname="DHIRAJ" failures="0" tests="3" name="TestNG.DependeOnMethod" time="0.018" errors="0" timestamp="2024-09-16T12:33:20 IST" skipped="0">
  <testcase classname="TestNG.DependeOnMethod" name="login" time="0.002"/>
  <system-out/>
  <testcase classname="TestNG.DependeOnMethod" name="Signup" time="0.016"/>
  <system-out/>
  <testcase classname="TestNG.DependeOnMethod" name="frndreq" time="0.000"/>
  <system-out/>
</testsuite> <!-- TestNG.DependeOnMethod -->
