<?xml version="1.0" encoding="UTF-8"?>
<!-- Generated by org.testng.reporters.JUnitReportReporter -->
<testsuite hostname="DHIRAJ" failures="0" tests="9" name="TestNG.InvocationCount" time="0.034" errors="0" timestamp="2024-09-16T12:26:38 IST" skipped="0">
  <testcase classname="TestNG.InvocationCount" name="loginfacebook" time="0.001"/>
  <system-out/>
  <testcase classname="TestNG.InvocationCount" name="signupfacebook" time="0.002"/>
  <system-out/>
  <testcase classname="TestNG.InvocationCount" name="signupfacebook" time="0.000"/>
  <system-out/>
  <testcase classname="TestNG.InvocationCount" name="signupfacebook" time="0.001"/>
  <system-out/>
  <testcase classname="TestNG.InvocationCount" name="signupfacebook" time="0.001"/>
  <system-out/>
  <testcase classname="TestNG.InvocationCount" name="UploadPicinfaceboo" time="0.007"/>
  <system-out/>
  <testcase classname="TestNG.InvocationCount" name="UploadPicinfaceboo" time="0.020"/>
  <system-out/>
  <testcase classname="TestNG.InvocationCount" name="loginfacebook" time="0.001"/>
  <system-out/>
  <testcase classname="TestNG.InvocationCount" name="loginfacebook" time="0.001"/>
  <system-out/>
</testsuite> <!-- TestNG.InvocationCount -->
