<?xml version="1.0" encoding="UTF-8"?>
<!-- Generated by org.testng.reporters.JUnitReportReporter -->
<testsuite hostname="DHIRAJ" failures="0" tests="1" name="TestNG.AssertEqu" time="4.392" errors="0" timestamp="2024-09-18T12:28:13 IST" skipped="0">
  <testcase classname="TestNG.AssertEqu" name="Assert" time="4.392"/>
  <system-out/>
</testsuite> <!-- TestNG.AssertEqu -->
