<?xml version="1.0" encoding="UTF-8"?>
<!-- Generated by org.testng.reporters.JUnitReportReporter -->
<testsuite hostname="DHIRAJ" failures="0" tests="3" name="TestNG.Timeout" time="0.020" errors="0" timestamp="2024-09-16T12:36:26 IST" skipped="0">
  <testcase classname="TestNG.Timeout" name="frndreq" time="0.001"/>
  <system-out/>
  <testcase classname="TestNG.Timeout" name="Signup" time="0.017"/>
  <system-out/>
  <testcase classname="TestNG.Timeout" name="login" time="0.002"/>
  <system-out/>
</testsuite> <!-- TestNG.Timeout -->
